PLINK v1.90b6.9 64-bit (4 Mar 2019)
Options in effect:
  --bfile CA_par_admx
  --freq
  --noweb
  --out CA
  --within ca.famfile.txt

Hostname: Gideons-MacBook-Pro-2.local
Working directory: /Users/bburd/Dropbox/desktop/guppy_seln/1_data
Start time: Sat Oct 12 12:21:48 2019

Note: --noweb has no effect since no web check is implemented yet.
Random number seed: 1570897308
8192 MB RAM detected; reserving 4096 MB for main workspace.
11417 variants loaded from .bim file.
46 people (0 males, 0 females, 46 ambiguous) loaded from .fam.
Ambiguous sex IDs written to CA.nosex .
--within: 3 clusters loaded, covering a total of 46 people.
Using 1 thread (no multithreaded calculations invoked).
Before main variant filters, 46 founders and 0 nonfounders present.
Calculating allele frequencies... done.
Total genotyping rate is 0.83468.
--freq: Cluster-stratified allele frequencies (founders only) written to
CA.frq.strat .

End time: Sat Oct 12 12:21:48 2019
