PLINK v1.90b6.9 64-bit (4 Mar 2019)
Options in effect:
  --bfile NTY
  --make-bed
  --merge-list merge.list.ty.txt
  --noweb
  --out TY_par_admx

Hostname: Gideons-MacBook-Pro-2.local
Working directory: /Users/bburd/Dropbox/desktop/guppy_seln/1_data
Start time: Sat Oct 12 12:21:44 2019

Note: --noweb has no effect since no web check is implemented yet.
Random number seed: 1570897304
8192 MB RAM detected; reserving 4096 MB for main workspace.
Performing single-pass merge (49 people, 11417 variants).
Merged fileset written to TY_par_admx-merge.bed + TY_par_admx-merge.bim +
TY_par_admx-merge.fam .
11417 variants loaded from .bim file.
49 people (0 males, 0 females, 49 ambiguous) loaded from .fam.
Ambiguous sex IDs written to TY_par_admx.nosex .
Using 1 thread (no multithreaded calculations invoked).
Before main variant filters, 49 founders and 0 nonfounders present.
Calculating allele frequencies... done.
Total genotyping rate is 0.864261.
11417 variants and 49 people pass filters and QC.
Note: No phenotypes present.
--make-bed to TY_par_admx.bed + TY_par_admx.bim + TY_par_admx.fam ... done.

End time: Sat Oct 12 12:21:44 2019
